<?xml version="1.0" encoding="UTF-8"?>
<!-- Generated by org.testng.reporters.JUnitReportReporter -->
<testsuite hostname="DESKTOP-52O34QF" failures="0" tests="3" name="webdriver.Topic_01_Check_Environment" time="0.155" errors="0" timestamp="02 Mar 2022 08:35:24 GMT" skipped="0">
  <testcase classname="webdriver.Topic_01_Check_Environment" name="TC_02_ValidatePageTitle" time="0.012"/>
  <testcase classname="webdriver.Topic_01_Check_Environment" name="TC_01_ValidateCurrentUrl" time="0.023"/>
  <testcase classname="webdriver.Topic_01_Check_Environment" name="TC_03_LoginFormDisplayed" time="0.120"/>
</testsuite> <!-- webdriver.Topic_01_Check_Environment -->
